<?xml version="1.0" encoding="UTF-8"?>
<!-- Generated by org.testng.reporters.JUnitXMLReporter -->
<testsuite ignored="0" hostname="DESKTOP-8DBSALH" failures="1" tests="3" name="Test1" time="18.851" errors="0" timestamp="2022-03-29T15:51:54 IST">
  <testcase classname="testNG.TestNGListeners" name="getHomepage" time="0.001"/>
  <testcase classname="testNG.TestNGListeners" name="getTitle" time="0.018">
    <failure type="java.lang.AssertionError" message="expected [Jnfjehdnckm] but found [Jobs - Recruitment - Job Search - Employment - Job Vacancies - Naukri.com]">
      <![CDATA[java.lang.AssertionError: expected [Jnfjehdnckm] but found [Jobs - Recruitment - Job Search - Employment - Job Vacancies - Naukri.com]
at testNG.TestNGListeners.getTitle(TestNGListeners.java:32)
at java.base/java.util.ArrayList.forEach(ArrayList.java:1511)
at java.base/java.util.concurrent.FutureTask.run(FutureTask.java:264)
at java.base/java.util.concurrent.ThreadPoolExecutor.runWorker(ThreadPoolExecutor.java:1136)
at java.base/java.util.concurrent.ThreadPoolExecutor$Worker.run(ThreadPoolExecutor.java:635)
at java.base/java.lang.Thread.run(Thread.java:833)
... Removed 24 stack frames]]>
    </failure>
  </testcase> <!-- getTitle -->
  <testcase classname="testNG.TestNGListeners" name="geturl" time="0.0">
    <skipped/>
  </testcase> <!-- geturl -->
</testsuite> <!-- Test1 -->
