<?xml version="1.0" encoding="UTF-8"?>
<!-- Generated by org.testng.reporters.JUnitXMLReporter -->
<testsuite ignored="0" hostname="DESKTOP-8DBSALH" failures="1" tests="3" name="Test2" time="12.397" errors="0" timestamp="2022-03-29T15:51:47 IST">
  <testcase classname="testNG.TestNGListen" name="getTitle" time="0.02">
    <failure type="java.lang.AssertionError" message="did not expect [Facebook – log in or sign up] but found [Facebook – log in or sign up]">
      <![CDATA[java.lang.AssertionError: did not expect [Facebook – log in or sign up] but found [Facebook – log in or sign up]
at testNG.TestNGListen.getTitle(TestNGListen.java:35)
at java.base/java.util.ArrayList.forEach(ArrayList.java:1511)
at java.base/java.util.concurrent.FutureTask.run(FutureTask.java:264)
at java.base/java.util.concurrent.ThreadPoolExecutor.runWorker(ThreadPoolExecutor.java:1136)
at java.base/java.util.concurrent.ThreadPoolExecutor$Worker.run(ThreadPoolExecutor.java:635)
at java.base/java.lang.Thread.run(Thread.java:833)
... Removed 23 stack frames]]>
    </failure>
  </testcase> <!-- getTitle -->
  <testcase classname="testNG.TestNGListen" name="login" time="0.002"/>
  <testcase classname="testNG.TestNGListen" name="getindex" time="0.0">
    <skipped/>
  </testcase> <!-- getindex -->
</testsuite> <!-- Test2 -->
