<?xml version="1.0" encoding="UTF-8"?>
<!-- Generated by org.testng.reporters.JUnitXMLReporter -->
<testsuite ignored="0" hostname="DESKTOP-8DBSALH" failures="0" tests="17" name="Test5and6" time="0.177" errors="0" timestamp="2022-03-21T19:22:16 IST">
  <testcase classname="testNG.TestngClass5" name="AfterScroll" time="0.014"/>
  <testcase classname="testNG.TestngClass5" name="HomePage" time="0.003"/>
  <testcase classname="testNG.TestngClass5" name="LogIn" time="0.004"/>
  <testcase classname="testNG.TestngClass5" name="LogIn" time="0.003"/>
  <testcase classname="testNG.TestngClass5" name="LogIn" time="0.004"/>
  <testcase classname="testNG.TestngClass5" name="LogIn" time="0.002"/>
  <testcase classname="testNG.TestngClass5" name="Profile" time="0.002"/>
  <testcase classname="testNG.TestngClass5" name="Profile" time="0.001"/>
  <testcase classname="testNG.TestngClass5" name="SearchIcon" time="0.004"/>
  <testcase classname="testNG.TestngClass6" name="AddToCart" time="0.003"/>
  <testcase classname="testNG.TestngClass6" name="CheckOut" time="0.002"/>
  <testcase classname="testNG.TestngClass6" name="Payment" time="0.003"/>
  <testcase classname="testNG.TestngClass6" name="Payment" time="0.004"/>
  <testcase classname="testNG.TestngClass6" name="SignUp" time="0.002"/>
  <testcase classname="testNG.TestngClass6" name="Wishlist" time="0.001"/>
  <testcase classname="testNG.TestngClass6" name="Wishlist" time="0.004"/>
  <testcase classname="testNG.TestngClass6" name="Wishlist" time="0.002"/>
</testsuite> <!-- Test5and6 -->
