<?xml version="1.0" encoding="UTF-8"?>
<!-- Generated by org.testng.reporters.JUnitXMLReporter -->
<testsuite ignored="0" hostname="DESKTOP-8DBSALH" failures="0" tests="10" name="Test5" time="0.205" errors="0" timestamp="2022-03-22T10:54:24 IST">
  <testcase classname="testNG.TestngClass5" name="AfterScroll" time="0.012"/>
  <testcase classname="testNG.TestngClass5" name="HomePage" time="0.003"/>
  <testcase classname="testNG.TestngClass5" name="LogIn" time="0.003"/>
  <testcase classname="testNG.TestngClass5" name="Profile" time="0.003"/>
  <testcase classname="testNG.TestngClass5" name="SearchIcon" time="0.011"/>
  <testcase classname="testNG.TestngClass6" name="AddToCart" time="0.004"/>
  <testcase classname="testNG.TestngClass6" name="CheckOut" time="0.004"/>
  <testcase classname="testNG.TestngClass6" name="Payment" time="0.007"/>
  <testcase classname="testNG.TestngClass6" name="SignUp" time="0.004"/>
  <testcase classname="testNG.TestngClass6" name="Wishlist" time="0.006"/>
</testsuite> <!-- Test5 -->
